15:34:45.855 skipping bootstrap configuration: could not find or read file: classpath:karate-config.js
15:34:45.861 request:
1 > GET https://www.anapioficeandfire.com/api/books/6
1 > Accept-Encoding: gzip,deflate
1 > Connection: Keep-Alive
1 > Host: www.anapioficeandfire.com
1 > User-Agent: Apache-HttpClient/4.5.5 (Java/1.8.0_251)

15:34:46.406 response time in milliseconds: 540.47
1 < 200
1 < CF-Cache-Status: DYNAMIC
1 < CF-RAY: 71d4bf662c4c71f2-LHR
1 < Connection: keep-alive
1 < Content-Type: application/json; charset=utf-8
1 < Date: Sat, 18 Jun 2022 14:34:46 GMT
1 < Expect-CT: max-age=604800, report-uri="https://report-uri.cloudflare.com/cdn-cgi/beacon/expect-ct"
1 < NEL: {"success_fraction":0,"report_to":"cf-nel","max_age":604800}
1 < Report-To: {"endpoints":[{"url":"https:\/\/a.nel.cloudflare.com\/report\/v3?s=YeyGY4Av6gd9witXTDL52XOfn7zV7Kv7FOk63t5%2FlI3R5yglmbodaq%2Bdr6T9eww5S8MVZEWZlw3gWB%2FHSn%2Fc2kQRz8%2FyOxQ2A9ZnYj3tjUr%2B%2Bm11Mu7b5bo7WH7KysODX4KMrrN37x1DAWoz"}],"group":"cf-nel","max_age":604800}
1 < Server: cloudflare
1 < Set-Cookie: [ARRAffinity=91aefdf0a68a5a113b8933f82a9e8b2d7b414dbb6a64220b80ee0bbc3fbd2a73;Path=/;HttpOnly;Secure;Domain=www.anapioficeandfire.com, ARRAffinitySameSite=91aefdf0a68a5a113b8933f82a9e8b2d7b414dbb6a64220b80ee0bbc3fbd2a73;Path=/;HttpOnly;SameSite=None;Secure;Domain=www.anapioficeandfire.com]
1 < Transfer-Encoding: chunked
1 < Vary: Accept-Encoding
1 < X-Powered-By: ASP.NET
1 < alt-svc: h3=":443"; ma=86400, h3-29=":443"; ma=86400
{"url":"https://www.anapioficeandfire.com/api/books/6","name":"The Sworn Sword","isbn":"978-0785126508","authors":["George R. R. Martin"],"numberOfPages":152,"publisher":"Marvel","country":"United States","mediaType":"Hardcover","released":"2008-06-18T00:00:00","characters":["https://www.anapioficeandfire.com/api/characters/8","https://www.anapioficeandfire.com/api/characters/32","https://www.anapioficeandfire.com/api/characters/35","https://www.anapioficeandfire.com/api/characters/38","https://www.anapioficeandfire.com/api/characters/46","https://www.anapioficeandfire.com/api/characters/47","https://www.anapioficeandfire.com/api/characters/48","https://www.anapioficeandfire.com/api/characters/50","https://www.anapioficeandfire.com/api/characters/54","https://www.anapioficeandfire.com/api/characters/58","https://www.anapioficeandfire.com/api/characters/61","https://www.anapioficeandfire.com/api/characters/104","https://www.anapioficeandfire.com/api/characters/113","https://www.anapioficeandfire.com/api/characters/132","https://www.anapioficeandfire.com/api/characters/152","https://www.anapioficeandfire.com/api/characters/160","https://www.anapioficeandfire.com/api/characters/161","https://www.anapioficeandfire.com/api/characters/186","https://www.anapioficeandfire.com/api/characters/231","https://www.anapioficeandfire.com/api/characters/248","https://www.anapioficeandfire.com/api/characters/266","https://www.anapioficeandfire.com/api/characters/267","https://www.anapioficeandfire.com/api/characters/271","https://www.anapioficeandfire.com/api/characters/273","https://www.anapioficeandfire.com/api/characters/274","https://www.anapioficeandfire.com/api/characters/278","https://www.anapioficeandfire.com/api/characters/353","https://www.anapioficeandfire.com/api/characters/388","https://www.anapioficeandfire.com/api/characters/422","https://www.anapioficeandfire.com/api/characters/431","https://www.anapioficeandfire.com/api/characters/447","https://www.anapioficeandfire.com/api/characters/457","https://www.anapioficeandfire.com/api/characters/478","https://www.anapioficeandfire.com/api/characters/489","https://www.anapioficeandfire.com/api/characters/513","https://www.anapioficeandfire.com/api/characters/514","https://www.anapioficeandfire.com/api/characters/614","https://www.anapioficeandfire.com/api/characters/655","https://www.anapioficeandfire.com/api/characters/695","https://www.anapioficeandfire.com/api/characters/703","https://www.anapioficeandfire.com/api/characters/729","https://www.anapioficeandfire.com/api/characters/791","https://www.anapioficeandfire.com/api/characters/807","https://www.anapioficeandfire.com/api/characters/821","https://www.anapioficeandfire.com/api/characters/842","https://www.anapioficeandfire.com/api/characters/864","https://www.anapioficeandfire.com/api/characters/865","https://www.anapioficeandfire.com/api/characters/893","https://www.anapioficeandfire.com/api/characters/926","https://www.anapioficeandfire.com/api/characters/964","https://www.anapioficeandfire.com/api/characters/981","https://www.anapioficeandfire.com/api/characters/982","https://www.anapioficeandfire.com/api/characters/1048","https://www.anapioficeandfire.com/api/characters/1060","https://www.anapioficeandfire.com/api/characters/1067","https://www.anapioficeandfire.com/api/characters/1108","https://www.anapioficeandfire.com/api/characters/1121","https://www.anapioficeandfire.com/api/characters/1242","https://www.anapioficeandfire.com/api/characters/1248","https://www.anapioficeandfire.com/api/characters/1263","https://www.anapioficeandfire.com/api/characters/1276","https://www.anapioficeandfire.com/api/characters/1308","https://www.anapioficeandfire.com/api/characters/1402","https://www.anapioficeandfire.com/api/characters/1411","https://www.anapioficeandfire.com/api/characters/1542","https://www.anapioficeandfire.com/api/characters/1562","https://www.anapioficeandfire.com/api/characters/1614","https://www.anapioficeandfire.com/api/characters/1731","https://www.anapioficeandfire.com/api/characters/1801","https://www.anapioficeandfire.com/api/characters/1803","https://www.anapioficeandfire.com/api/characters/1869","https://www.anapioficeandfire.com/api/characters/1879","https://www.anapioficeandfire.com/api/characters/1889","https://www.anapioficeandfire.com/api/characters/1891","https://www.anapioficeandfire.com/api/characters/1928","https://www.anapioficeandfire.com/api/characters/1944","https://www.anapioficeandfire.com/api/characters/1983","https://www.anapioficeandfire.com/api/characters/2079","https://www.anapioficeandfire.com/api/characters/2083","https://www.anapioficeandfire.com/api/characters/2084","https://www.anapioficeandfire.com/api/characters/2094","https://www.anapioficeandfire.com/api/characters/2103","https://www.anapioficeandfire.com/api/characters/2105","https://www.anapioficeandfire.com/api/characters/2115"],"povCharacters":["https://www.anapioficeandfire.com/api/characters/329"]}

