16:00:28.197 karate.env system property was: null 
16:00:28.203 request:
1 > GET https://www.anapioficeandfire.com/api/characters/11
1 > Accept-Encoding: gzip,deflate
1 > Connection: Keep-Alive
1 > Host: www.anapioficeandfire.com
1 > User-Agent: Apache-HttpClient/4.5.5 (Java/1.8.0_251)

16:00:28.417 response time in milliseconds: 212.49
1 < 200
1 < CF-Cache-Status: DYNAMIC
1 < CF-RAY: 71f5da8ef945777f-LHR
1 < Connection: keep-alive
1 < Content-Type: application/json; charset=utf-8
1 < Date: Wed, 22 Jun 2022 15:00:28 GMT
1 < Expect-CT: max-age=604800, report-uri="https://report-uri.cloudflare.com/cdn-cgi/beacon/expect-ct"
1 < NEL: {"success_fraction":0,"report_to":"cf-nel","max_age":604800}
1 < Report-To: {"endpoints":[{"url":"https:\/\/a.nel.cloudflare.com\/report\/v3?s=tDmQ4egRUkBBAuqsxsOa4bSG6ACgEJibGMmNxVgBiVwDgNtkIBlPcnZt4pQ7kzd1tK9T5cL9o0SHi%2BCfY8fyOlqtAIU9q06vUuZJoAHU5X3lGZB37HpN1docxYP5pUkZ4OPPdadIIi0%2FauO0"}],"group":"cf-nel","max_age":604800}
1 < Server: cloudflare
1 < Set-Cookie: [ARRAffinity=91aefdf0a68a5a113b8933f82a9e8b2d7b414dbb6a64220b80ee0bbc3fbd2a73;Path=/;HttpOnly;Secure;Domain=www.anapioficeandfire.com, ARRAffinitySameSite=91aefdf0a68a5a113b8933f82a9e8b2d7b414dbb6a64220b80ee0bbc3fbd2a73;Path=/;HttpOnly;SameSite=None;Secure;Domain=www.anapioficeandfire.com]
1 < Transfer-Encoding: chunked
1 < Vary: Accept-Encoding
1 < X-Powered-By: ASP.NET
1 < alt-svc: h3=":443"; ma=86400, h3-29=":443"; ma=86400
{"url":"https://www.anapioficeandfire.com/api/characters/11","name":"","gender":"Female","culture":"Braavosi","born":"In 263 AC or 264 AC","died":"","titles":[""],"aliases":["The waif"],"father":"","mother":"","spouse":"","allegiances":[],"books":["https://www.anapioficeandfire.com/api/books/5","https://www.anapioficeandfire.com/api/books/8"],"povBooks":[],"tvSeries":["Season 5","Season 6"],"playedBy":["Faye Marsay"]}

arsay"]}

