15:34:47.146 skipping bootstrap configuration: could not find or read file: classpath:karate-config.js
15:34:47.151 request:
1 > GET https://www.anapioficeandfire.com/api/books/10
1 > Accept-Encoding: gzip,deflate
1 > Connection: Keep-Alive
1 > Host: www.anapioficeandfire.com
1 > User-Agent: Apache-HttpClient/4.5.5 (Java/1.8.0_251)

15:34:47.889 response time in milliseconds: 734.17
1 < 200
1 < CF-Cache-Status: DYNAMIC
1 < CF-RAY: 71d4bf6f7bb076f9-LHR
1 < Connection: keep-alive
1 < Content-Type: application/json; charset=utf-8
1 < Date: Sat, 18 Jun 2022 14:34:47 GMT
1 < Expect-CT: max-age=604800, report-uri="https://report-uri.cloudflare.com/cdn-cgi/beacon/expect-ct"
1 < NEL: {"success_fraction":0,"report_to":"cf-nel","max_age":604800}
1 < Report-To: {"endpoints":[{"url":"https:\/\/a.nel.cloudflare.com\/report\/v3?s=Q%2BIIEVmu7oAQfN90z4TJwScxo0D5EqEtbBmY%2BJ2H1Z1jSnrrDbjEvxjQJA7xaqpzpZcbZZ7wsAvenMX3Kzr544T%2BdacZDXLxCEadtbLKOA5wPHcdESg1P9%2FiM01suNXf7DCiYwEwmsKbF15O"}],"group":"cf-nel","max_age":604800}
1 < Server: cloudflare
1 < Set-Cookie: [ARRAffinity=91aefdf0a68a5a113b8933f82a9e8b2d7b414dbb6a64220b80ee0bbc3fbd2a73;Path=/;HttpOnly;Secure;Domain=www.anapioficeandfire.com, ARRAffinitySameSite=91aefdf0a68a5a113b8933f82a9e8b2d7b414dbb6a64220b80ee0bbc3fbd2a73;Path=/;HttpOnly;SameSite=None;Secure;Domain=www.anapioficeandfire.com]
1 < Transfer-Encoding: chunked
1 < Vary: Accept-Encoding
1 < X-Powered-By: ASP.NET
1 < alt-svc: h3=":443"; ma=86400, h3-29=":443"; ma=86400
{"url":"https://www.anapioficeandfire.com/api/books/10","name":"The Rogue Prince","isbn":"978-0345537263","authors":["George R. R. Martin"],"numberOfPages":832,"publisher":"Bantam Books","country":"United States","mediaType":"Hardcover","released":"2014-06-17T00:00:00","characters":["https://www.anapioficeandfire.com/api/characters/39","https://www.anapioficeandfire.com/api/characters/40","https://www.anapioficeandfire.com/api/characters/49","https://www.anapioficeandfire.com/api/characters/55","https://www.anapioficeandfire.com/api/characters/76","https://www.anapioficeandfire.com/api/characters/105","https://www.anapioficeandfire.com/api/characters/154","https://www.anapioficeandfire.com/api/characters/156","https://www.anapioficeandfire.com/api/characters/157","https://www.anapioficeandfire.com/api/characters/169","https://www.anapioficeandfire.com/api/characters/253","https://www.anapioficeandfire.com/api/characters/265","https://www.anapioficeandfire.com/api/characters/269","https://www.anapioficeandfire.com/api/characters/275","https://www.anapioficeandfire.com/api/characters/386","https://www.anapioficeandfire.com/api/characters/479","https://www.anapioficeandfire.com/api/characters/481","https://www.anapioficeandfire.com/api/characters/488","https://www.anapioficeandfire.com/api/characters/526","https://www.anapioficeandfire.com/api/characters/538","https://www.anapioficeandfire.com/api/characters/548","https://www.anapioficeandfire.com/api/characters/567","https://www.anapioficeandfire.com/api/characters/569","https://www.anapioficeandfire.com/api/characters/610","https://www.anapioficeandfire.com/api/characters/611","https://www.anapioficeandfire.com/api/characters/618","https://www.anapioficeandfire.com/api/characters/675","https://www.anapioficeandfire.com/api/characters/684","https://www.anapioficeandfire.com/api/characters/694","https://www.anapioficeandfire.com/api/characters/696","https://www.anapioficeandfire.com/api/characters/808","https://www.anapioficeandfire.com/api/characters/871","https://www.anapioficeandfire.com/api/characters/873","https://www.anapioficeandfire.com/api/characters/874","https://www.anapioficeandfire.com/api/characters/875","https://www.anapioficeandfire.com/api/characters/878","https://www.anapioficeandfire.com/api/characters/945","https://www.anapioficeandfire.com/api/characters/951","https://www.anapioficeandfire.com/api/characters/1050","https://www.anapioficeandfire.com/api/characters/1066","https://www.anapioficeandfire.com/api/characters/1076","https://www.anapioficeandfire.com/api/characters/1077","https://www.anapioficeandfire.com/api/characters/1291","https://www.anapioficeandfire.com/api/characters/1419","https://www.anapioficeandfire.com/api/characters/1458","https://www.anapioficeandfire.com/api/characters/1527","https://www.anapioficeandfire.com/api/characters/1528","https://www.anapioficeandfire.com/api/characters/1699","https://www.anapioficeandfire.com/api/characters/1739","https://www.anapioficeandfire.com/api/characters/1746","https://www.anapioficeandfire.com/api/characters/1833","https://www.anapioficeandfire.com/api/characters/1850","https://www.anapioficeandfire.com/api/characters/1884","https://www.anapioficeandfire.com/api/characters/1912","https://www.anapioficeandfire.com/api/characters/2138"],"povCharacters":[]}



